<?xml version="1.0" encoding="UTF-8"?>
<!-- Generated by org.testng.reporters.JUnitXMLReporter -->
<testsuite ignored="0" hostname="Anchul-PC" failures="0" tests="4" name="Default test" time="42.747" errors="0" timestamp="2026-04-09T23:11:39 IST">
  <testcase classname="com.Kapruka.ClothingMenu" name="verifyClothingMenuLoadsSuccessfully" time="1.454"/>
  <testcase classname="com.Kapruka.ClothingMenu" name="verifyMenClothingMenuLoadsSuccessfully" time="2.943"/>
  <testcase classname="com.Kapruka.ClothingMenu" name="verifySeeMoreProductsFunctionality" time="2.807"/>
  <testcase classname="com.Kapruka.ClothingMenu" name="verifyProductAndPriceAccuracy" time="4.556"/>
</testsuite> <!-- Default test -->
