<?xml version="1.0" encoding="UTF-8"?>
<testng-results ignored="0" total="4" passed="4" failed="0" skipped="0">
  <reporter-output>
  </reporter-output>
  <suite started-at="2026-04-09T23:10:56 IST" name="Default suite" finished-at="2026-04-09T23:11:39 IST" duration-ms="42747">
    <groups>
    </groups>
    <test started-at="2026-04-09T23:10:56 IST" name="Default test" finished-at="2026-04-09T23:11:39 IST" duration-ms="42747">
      <class name="com.Kapruka.ClothingMenu">
        <test-method is-config="true" signature="setup()[pri:0, instance:com.Kapruka.ClothingMenu@41fbdac4]" started-at="2026-04-09T23:10:56 IST" name="setup" finished-at="2026-04-09T23:11:05 IST" duration-ms="8809" status="PASS">
          <reporter-output>
          </reporter-output>
        </test-method> <!-- setup -->
        <test-method signature="verifyClothingMenuLoadsSuccessfully()[pri:1, instance:com.Kapruka.ClothingMenu@41fbdac4]" started-at="2026-04-09T23:11:05 IST" name="verifyClothingMenuLoadsSuccessfully" finished-at="2026-04-09T23:11:06 IST" duration-ms="1454" status="PASS">
          <reporter-output>
          </reporter-output>
        </test-method> <!-- verifyClothingMenuLoadsSuccessfully -->
        <test-method is-config="true" signature="logout()[pri:0, instance:com.Kapruka.ClothingMenu@41fbdac4]" started-at="2026-04-09T23:11:06 IST" name="logout" finished-at="2026-04-09T23:11:11 IST" duration-ms="4313" status="PASS">
          <reporter-output>
          </reporter-output>
        </test-method> <!-- logout -->
        <test-method is-config="true" signature="setup()[pri:0, instance:com.Kapruka.ClothingMenu@41fbdac4]" started-at="2026-04-09T23:11:11 IST" name="setup" finished-at="2026-04-09T23:11:15 IST" duration-ms="4290" status="PASS">
          <reporter-output>
          </reporter-output>
        </test-method> <!-- setup -->
        <test-method signature="verifyMenClothingMenuLoadsSuccessfully()[pri:2, instance:com.Kapruka.ClothingMenu@41fbdac4]" started-at="2026-04-09T23:11:15 IST" name="verifyMenClothingMenuLoadsSuccessfully" finished-at="2026-04-09T23:11:18 IST" duration-ms="2943" status="PASS">
          <reporter-output>
          </reporter-output>
        </test-method> <!-- verifyMenClothingMenuLoadsSuccessfully -->
        <test-method is-config="true" signature="logout()[pri:0, instance:com.Kapruka.ClothingMenu@41fbdac4]" started-at="2026-04-09T23:11:18 IST" name="logout" finished-at="2026-04-09T23:11:19 IST" duration-ms="1171" status="PASS">
          <reporter-output>
          </reporter-output>
        </test-method> <!-- logout -->
        <test-method is-config="true" signature="setup()[pri:0, instance:com.Kapruka.ClothingMenu@41fbdac4]" started-at="2026-04-09T23:11:19 IST" name="setup" finished-at="2026-04-09T23:11:23 IST" duration-ms="4145" status="PASS">
          <reporter-output>
          </reporter-output>
        </test-method> <!-- setup -->
        <test-method signature="verifySeeMoreProductsFunctionality()[pri:3, instance:com.Kapruka.ClothingMenu@41fbdac4]" started-at="2026-04-09T23:11:23 IST" name="verifySeeMoreProductsFunctionality" finished-at="2026-04-09T23:11:26 IST" duration-ms="2807" status="PASS">
          <reporter-output>
          </reporter-output>
        </test-method> <!-- verifySeeMoreProductsFunctionality -->
        <test-method is-config="true" signature="logout()[pri:0, instance:com.Kapruka.ClothingMenu@41fbdac4]" started-at="2026-04-09T23:11:26 IST" name="logout" finished-at="2026-04-09T23:11:28 IST" duration-ms="2518" status="PASS">
          <reporter-output>
          </reporter-output>
        </test-method> <!-- logout -->
        <test-method is-config="true" signature="setup()[pri:0, instance:com.Kapruka.ClothingMenu@41fbdac4]" started-at="2026-04-09T23:11:28 IST" name="setup" finished-at="2026-04-09T23:11:33 IST" duration-ms="4423" status="PASS">
          <reporter-output>
          </reporter-output>
        </test-method> <!-- setup -->
        <test-method signature="verifyProductAndPriceAccuracy()[pri:4, instance:com.Kapruka.ClothingMenu@41fbdac4]" started-at="2026-04-09T23:11:33 IST" name="verifyProductAndPriceAccuracy" finished-at="2026-04-09T23:11:37 IST" duration-ms="4556" status="PASS">
          <reporter-output>
          </reporter-output>
        </test-method> <!-- verifyProductAndPriceAccuracy -->
        <test-method is-config="true" signature="logout()[pri:0, instance:com.Kapruka.ClothingMenu@41fbdac4]" started-at="2026-04-09T23:11:37 IST" name="logout" finished-at="2026-04-09T23:11:39 IST" duration-ms="1082" status="PASS">
          <reporter-output>
          </reporter-output>
        </test-method> <!-- logout -->
      </class> <!-- com.Kapruka.ClothingMenu -->
    </test> <!-- Default test -->
  </suite> <!-- Default suite -->
</testng-results>
