<?xml version="1.0" encoding="UTF-8"?>
<!-- Generated by org.testng.reporters.JUnitReportReporter -->
<testsuite hostname="DESKTOP-KM42UCA" failures="0" tests="2" name="com.Kapruka.ElectronicsTest" time="25.793" errors="0" timestamp="2026-04-10T17:00:07 IST" skipped="0">
  <testcase classname="com.Kapruka.ElectronicsTest" name="verifyTheProductRemoveFromaddTOCart" time="15.884"/>
  <testcase classname="com.Kapruka.ElectronicsTest" name="verifyTheBabyCooker" time="9.909"/>
</testsuite> <!-- com.Kapruka.ElectronicsTest -->
