<?xml version="1.0" encoding="UTF-8"?>
<!-- Generated by org.testng.reporters.JUnitReportReporter -->
<testsuite hostname="Anchul-PC" failures="0" tests="4" name="com.Kapruka.ClothingMenu" time="42.511" errors="0" timestamp="2026-04-09T23:11:39 IST" skipped="0">
  <testcase classname="com.Kapruka.ClothingMenu" name="verifyClothingMenuLoadsSuccessfully" time="9.912"/>
  <testcase classname="com.Kapruka.ClothingMenu" name="verifyMenClothingMenuLoadsSuccessfully" time="14.270"/>
  <testcase classname="com.Kapruka.ClothingMenu" name="verifySeeMoreProductsFunctionality" time="8.401"/>
  <testcase classname="com.Kapruka.ClothingMenu" name="verifyProductAndPriceAccuracy" time="9.928"/>
</testsuite> <!-- com.Kapruka.ClothingMenu -->
